<?xml version="1.0" encoding="UTF-8"?>
<testsuite xmlns:xsi="http://www.w3.org/2001/XMLSchema-instance" xsi:noNamespaceSchemaLocation="https://maven.apache.org/surefire/maven-surefire-plugin/xsd/surefire-test-report-3.0.xsd" version="3.0" name="com.zzx.RedisTest" time="4.174" tests="2" errors="0" skipped="0" failures="0">
  <properties>
    <property name="java.specification.version" value="17"/>
    <property name="sun.cpu.isalist" value="amd64"/>
    <property name="sun.jnu.encoding" value="GBK"/>
    <property name="java.class.path" value="D:\code\big-event\target\test-classes;D:\code\big-event\target\classes;D:\develop\apache-maven-3.6.3\mvn_repo\org\springframework\boot\spring-boot-starter-web\3.3.1\spring-boot-starter-web-3.3.1.jar;D:\develop\apache-maven-3.6.3\mvn_repo\org\springframework\boot\spring-boot-starter\3.3.1\spring-boot-starter-3.3.1.jar;D:\develop\apache-maven-3.6.3\mvn_repo\org\springframework\boot\spring-boot\3.3.1\spring-boot-3.3.1.jar;D:\develop\apache-maven-3.6.3\mvn_repo\org\springframework\boot\spring-boot-autoconfigure\3.3.1\spring-boot-autoconfigure-3.3.1.jar;D:\develop\apache-maven-3.6.3\mvn_repo\org\springframework\boot\spring-boot-starter-logging\3.3.1\spring-boot-starter-logging-3.3.1.jar;D:\develop\apache-maven-3.6.3\mvn_repo\ch\qos\logback\logback-classic\1.5.6\logback-classic-1.5.6.jar;D:\develop\apache-maven-3.6.3\mvn_repo\ch\qos\logback\logback-core\1.5.6\logback-core-1.5.6.jar;D:\develop\apache-maven-3.6.3\mvn_repo\org\apache\logging\log4j\log4j-to-slf4j\2.23.1\log4j-to-slf4j-2.23.1.jar;D:\develop\apache-maven-3.6.3\mvn_repo\org\apache\logging\log4j\log4j-api\2.23.1\log4j-api-2.23.1.jar;D:\develop\apache-maven-3.6.3\mvn_repo\org\slf4j\jul-to-slf4j\2.0.13\jul-to-slf4j-2.0.13.jar;D:\develop\apache-maven-3.6.3\mvn_repo\jakarta\annotation\jakarta.annotation-api\2.1.1\jakarta.annotation-api-2.1.1.jar;D:\develop\apache-maven-3.6.3\mvn_repo\org\yaml\snakeyaml\2.2\snakeyaml-2.2.jar;D:\develop\apache-maven-3.6.3\mvn_repo\org\springframework\boot\spring-boot-starter-json\3.3.1\spring-boot-starter-json-3.3.1.jar;D:\develop\apache-maven-3.6.3\mvn_repo\com\fasterxml\jackson\datatype\jackson-datatype-jdk8\2.17.1\jackson-datatype-jdk8-2.17.1.jar;D:\develop\apache-maven-3.6.3\mvn_repo\com\fasterxml\jackson\datatype\jackson-datatype-jsr310\2.17.1\jackson-datatype-jsr310-2.17.1.jar;D:\develop\apache-maven-3.6.3\mvn_repo\com\fasterxml\jackson\module\jackson-module-parameter-names\2.17.1\jackson-module-parameter-names-2.17.1.jar;D:\develop\apache-maven-3.6.3\mvn_repo\org\springframework\boot\spring-boot-starter-tomcat\3.3.1\spring-boot-starter-tomcat-3.3.1.jar;D:\develop\apache-maven-3.6.3\mvn_repo\org\apache\tomcat\embed\tomcat-embed-core\10.1.25\tomcat-embed-core-10.1.25.jar;D:\develop\apache-maven-3.6.3\mvn_repo\org\apache\tomcat\embed\tomcat-embed-websocket\10.1.25\tomcat-embed-websocket-10.1.25.jar;D:\develop\apache-maven-3.6.3\mvn_repo\org\springframework\spring-web\6.1.10\spring-web-6.1.10.jar;D:\develop\apache-maven-3.6.3\mvn_repo\org\springframework\spring-beans\6.1.10\spring-beans-6.1.10.jar;D:\develop\apache-maven-3.6.3\mvn_repo\io\micrometer\micrometer-observation\1.13.1\micrometer-observation-1.13.1.jar;D:\develop\apache-maven-3.6.3\mvn_repo\io\micrometer\micrometer-commons\1.13.1\micrometer-commons-1.13.1.jar;D:\develop\apache-maven-3.6.3\mvn_repo\org\springframework\spring-webmvc\6.1.10\spring-webmvc-6.1.10.jar;D:\develop\apache-maven-3.6.3\mvn_repo\org\springframework\spring-aop\6.1.10\spring-aop-6.1.10.jar;D:\develop\apache-maven-3.6.3\mvn_repo\org\springframework\spring-context\6.1.10\spring-context-6.1.10.jar;D:\develop\apache-maven-3.6.3\mvn_repo\org\springframework\spring-expression\6.1.10\spring-expression-6.1.10.jar;D:\develop\apache-maven-3.6.3\mvn_repo\org\mybatis\spring\boot\mybatis-spring-boot-starter\3.0.3\mybatis-spring-boot-starter-3.0.3.jar;D:\develop\apache-maven-3.6.3\mvn_repo\org\springframework\boot\spring-boot-starter-jdbc\3.3.1\spring-boot-starter-jdbc-3.3.1.jar;D:\develop\apache-maven-3.6.3\mvn_repo\com\zaxxer\HikariCP\5.1.0\HikariCP-5.1.0.jar;D:\develop\apache-maven-3.6.3\mvn_repo\org\springframework\spring-jdbc\6.1.10\spring-jdbc-6.1.10.jar;D:\develop\apache-maven-3.6.3\mvn_repo\org\mybatis\spring\boot\mybatis-spring-boot-autoconfigure\3.0.3\mybatis-spring-boot-autoconfigure-3.0.3.jar;D:\develop\apache-maven-3.6.3\mvn_repo\org\mybatis\mybatis\3.5.14\mybatis-3.5.14.jar;D:\develop\apache-maven-3.6.3\mvn_repo\org\mybatis\mybatis-spring\3.0.3\mybatis-spring-3.0.3.jar;D:\develop\apache-maven-3.6.3\mvn_repo\com\mysql\mysql-connector-j\8.3.0\mysql-connector-j-8.3.0.jar;D:\develop\apache-maven-3.6.3\mvn_repo\org\projectlombok\lombok\1.18.32\lombok-1.18.32.jar;D:\develop\apache-maven-3.6.3\mvn_repo\org\springframework\boot\spring-boot-starter-validation\3.3.1\spring-boot-starter-validation-3.3.1.jar;D:\develop\apache-maven-3.6.3\mvn_repo\org\apache\tomcat\embed\tomcat-embed-el\10.1.25\tomcat-embed-el-10.1.25.jar;D:\develop\apache-maven-3.6.3\mvn_repo\org\hibernate\validator\hibernate-validator\8.0.1.Final\hibernate-validator-8.0.1.Final.jar;D:\develop\apache-maven-3.6.3\mvn_repo\jakarta\validation\jakarta.validation-api\3.0.2\jakarta.validation-api-3.0.2.jar;D:\develop\apache-maven-3.6.3\mvn_repo\org\jboss\logging\jboss-logging\3.5.3.Final\jboss-logging-3.5.3.Final.jar;D:\develop\apache-maven-3.6.3\mvn_repo\com\fasterxml\classmate\1.7.0\classmate-1.7.0.jar;D:\develop\apache-maven-3.6.3\mvn_repo\com\auth0\java-jwt\4.4.0\java-jwt-4.4.0.jar;D:\develop\apache-maven-3.6.3\mvn_repo\com\fasterxml\jackson\core\jackson-databind\2.17.1\jackson-databind-2.17.1.jar;D:\develop\apache-maven-3.6.3\mvn_repo\com\fasterxml\jackson\core\jackson-annotations\2.17.1\jackson-annotations-2.17.1.jar;D:\develop\apache-maven-3.6.3\mvn_repo\com\fasterxml\jackson\core\jackson-core\2.17.1\jackson-core-2.17.1.jar;D:\develop\apache-maven-3.6.3\mvn_repo\org\springframework\boot\spring-boot-starter-test\3.3.1\spring-boot-starter-test-3.3.1.jar;D:\develop\apache-maven-3.6.3\mvn_repo\org\springframework\boot\spring-boot-test\3.3.1\spring-boot-test-3.3.1.jar;D:\develop\apache-maven-3.6.3\mvn_repo\org\springframework\boot\spring-boot-test-autoconfigure\3.3.1\spring-boot-test-autoconfigure-3.3.1.jar;D:\develop\apache-maven-3.6.3\mvn_repo\com\jayway\jsonpath\json-path\2.9.0\json-path-2.9.0.jar;D:\develop\apache-maven-3.6.3\mvn_repo\org\slf4j\slf4j-api\2.0.13\slf4j-api-2.0.13.jar;D:\develop\apache-maven-3.6.3\mvn_repo\jakarta\xml\bind\jakarta.xml.bind-api\4.0.2\jakarta.xml.bind-api-4.0.2.jar;D:\develop\apache-maven-3.6.3\mvn_repo\jakarta\activation\jakarta.activation-api\2.1.3\jakarta.activation-api-2.1.3.jar;D:\develop\apache-maven-3.6.3\mvn_repo\net\minidev\json-smart\2.5.1\json-smart-2.5.1.jar;D:\develop\apache-maven-3.6.3\mvn_repo\net\minidev\accessors-smart\2.5.1\accessors-smart-2.5.1.jar;D:\develop\apache-maven-3.6.3\mvn_repo\org\ow2\asm\asm\9.6\asm-9.6.jar;D:\develop\apache-maven-3.6.3\mvn_repo\org\assertj\assertj-core\3.25.3\assertj-core-3.25.3.jar;D:\develop\apache-maven-3.6.3\mvn_repo\net\bytebuddy\byte-buddy\1.14.17\byte-buddy-1.14.17.jar;D:\develop\apache-maven-3.6.3\mvn_repo\org\awaitility\awaitility\4.2.1\awaitility-4.2.1.jar;D:\develop\apache-maven-3.6.3\mvn_repo\org\hamcrest\hamcrest\2.2\hamcrest-2.2.jar;D:\develop\apache-maven-3.6.3\mvn_repo\org\junit\jupiter\junit-jupiter\5.10.2\junit-jupiter-5.10.2.jar;D:\develop\apache-maven-3.6.3\mvn_repo\org\junit\jupiter\junit-jupiter-api\5.10.2\junit-jupiter-api-5.10.2.jar;D:\develop\apache-maven-3.6.3\mvn_repo\org\opentest4j\opentest4j\1.3.0\opentest4j-1.3.0.jar;D:\develop\apache-maven-3.6.3\mvn_repo\org\junit\platform\junit-platform-commons\1.10.2\junit-platform-commons-1.10.2.jar;D:\develop\apache-maven-3.6.3\mvn_repo\org\apiguardian\apiguardian-api\1.1.2\apiguardian-api-1.1.2.jar;D:\develop\apache-maven-3.6.3\mvn_repo\org\junit\jupiter\junit-jupiter-params\5.10.2\junit-jupiter-params-5.10.2.jar;D:\develop\apache-maven-3.6.3\mvn_repo\org\junit\jupiter\junit-jupiter-engine\5.10.2\junit-jupiter-engine-5.10.2.jar;D:\develop\apache-maven-3.6.3\mvn_repo\org\junit\platform\junit-platform-engine\1.10.2\junit-platform-engine-1.10.2.jar;D:\develop\apache-maven-3.6.3\mvn_repo\org\mockito\mockito-core\5.11.0\mockito-core-5.11.0.jar;D:\develop\apache-maven-3.6.3\mvn_repo\net\bytebuddy\byte-buddy-agent\1.14.17\byte-buddy-agent-1.14.17.jar;D:\develop\apache-maven-3.6.3\mvn_repo\org\objenesis\objenesis\3.3\objenesis-3.3.jar;D:\develop\apache-maven-3.6.3\mvn_repo\org\mockito\mockito-junit-jupiter\5.11.0\mockito-junit-jupiter-5.11.0.jar;D:\develop\apache-maven-3.6.3\mvn_repo\org\skyscreamer\jsonassert\1.5.1\jsonassert-1.5.1.jar;D:\develop\apache-maven-3.6.3\mvn_repo\com\vaadin\external\google\android-json\0.0.20131108.vaadin1\android-json-0.0.20131108.vaadin1.jar;D:\develop\apache-maven-3.6.3\mvn_repo\org\springframework\spring-core\6.1.10\spring-core-6.1.10.jar;D:\develop\apache-maven-3.6.3\mvn_repo\org\springframework\spring-jcl\6.1.10\spring-jcl-6.1.10.jar;D:\develop\apache-maven-3.6.3\mvn_repo\org\springframework\spring-test\6.1.10\spring-test-6.1.10.jar;D:\develop\apache-maven-3.6.3\mvn_repo\org\xmlunit\xmlunit-core\2.9.1\xmlunit-core-2.9.1.jar;D:\develop\apache-maven-3.6.3\mvn_repo\com\github\pagehelper\pagehelper-spring-boot-starter\1.4.7\pagehelper-spring-boot-starter-1.4.7.jar;D:\develop\apache-maven-3.6.3\mvn_repo\com\github\pagehelper\pagehelper-spring-boot-autoconfigure\1.4.7\pagehelper-spring-boot-autoconfigure-1.4.7.jar;D:\develop\apache-maven-3.6.3\mvn_repo\com\github\pagehelper\pagehelper\5.3.3\pagehelper-5.3.3.jar;D:\develop\apache-maven-3.6.3\mvn_repo\com\github\jsqlparser\jsqlparser\4.5\jsqlparser-4.5.jar;D:\develop\apache-maven-3.6.3\mvn_repo\com\aliyun\oss\aliyun-sdk-oss\3.17.4\aliyun-sdk-oss-3.17.4.jar;D:\develop\apache-maven-3.6.3\mvn_repo\org\apache\httpcomponents\httpclient\4.5.13\httpclient-4.5.13.jar;D:\develop\apache-maven-3.6.3\mvn_repo\org\apache\httpcomponents\httpcore\4.4.16\httpcore-4.4.16.jar;D:\develop\apache-maven-3.6.3\mvn_repo\commons-logging\commons-logging\1.2\commons-logging-1.2.jar;D:\develop\apache-maven-3.6.3\mvn_repo\commons-codec\commons-codec\1.16.1\commons-codec-1.16.1.jar;D:\develop\apache-maven-3.6.3\mvn_repo\org\jdom\jdom2\2.0.6.1\jdom2-2.0.6.1.jar;D:\develop\apache-maven-3.6.3\mvn_repo\org\codehaus\jettison\jettison\1.5.4\jettison-1.5.4.jar;D:\develop\apache-maven-3.6.3\mvn_repo\com\aliyun\aliyun-java-sdk-core\4.5.10\aliyun-java-sdk-core-4.5.10.jar;D:\develop\apache-maven-3.6.3\mvn_repo\com\google\code\gson\gson\2.10.1\gson-2.10.1.jar;D:\develop\apache-maven-3.6.3\mvn_repo\org\jacoco\org.jacoco.agent\0.8.5\org.jacoco.agent-0.8.5-runtime.jar;D:\develop\apache-maven-3.6.3\mvn_repo\org\ini4j\ini4j\0.5.4\ini4j-0.5.4.jar;D:\develop\apache-maven-3.6.3\mvn_repo\io\opentracing\opentracing-api\0.33.0\opentracing-api-0.33.0.jar;D:\develop\apache-maven-3.6.3\mvn_repo\io\opentracing\opentracing-util\0.33.0\opentracing-util-0.33.0.jar;D:\develop\apache-maven-3.6.3\mvn_repo\io\opentracing\opentracing-noop\0.33.0\opentracing-noop-0.33.0.jar;D:\develop\apache-maven-3.6.3\mvn_repo\com\aliyun\aliyun-java-sdk-ram\3.1.0\aliyun-java-sdk-ram-3.1.0.jar;D:\develop\apache-maven-3.6.3\mvn_repo\com\aliyun\aliyun-java-sdk-kms\2.11.0\aliyun-java-sdk-kms-2.11.0.jar;D:\develop\apache-maven-3.6.3\mvn_repo\javax\xml\bind\jaxb-api\2.3.1\jaxb-api-2.3.1.jar;D:\develop\apache-maven-3.6.3\mvn_repo\javax\activation\javax.activation-api\1.2.0\javax.activation-api-1.2.0.jar;D:\develop\apache-maven-3.6.3\mvn_repo\javax\activation\activation\1.1.1\activation-1.1.1.jar;D:\develop\apache-maven-3.6.3\mvn_repo\org\glassfish\jaxb\jaxb-runtime\2.3.3\jaxb-runtime-2.3.3.jar;D:\develop\apache-maven-3.6.3\mvn_repo\org\glassfish\jaxb\txw2\4.0.5\txw2-4.0.5.jar;D:\develop\apache-maven-3.6.3\mvn_repo\com\sun\istack\istack-commons-runtime\4.1.2\istack-commons-runtime-4.1.2.jar;D:\develop\apache-maven-3.6.3\mvn_repo\com\sun\activation\jakarta.activation\1.2.2\jakarta.activation-1.2.2.jar;D:\develop\apache-maven-3.6.3\mvn_repo\org\springframework\boot\spring-boot-starter-data-redis\3.3.1\spring-boot-starter-data-redis-3.3.1.jar;D:\develop\apache-maven-3.6.3\mvn_repo\io\lettuce\lettuce-core\6.3.2.RELEASE\lettuce-core-6.3.2.RELEASE.jar;D:\develop\apache-maven-3.6.3\mvn_repo\io\netty\netty-common\4.1.111.Final\netty-common-4.1.111.Final.jar;D:\develop\apache-maven-3.6.3\mvn_repo\io\netty\netty-handler\4.1.111.Final\netty-handler-4.1.111.Final.jar;D:\develop\apache-maven-3.6.3\mvn_repo\io\netty\netty-resolver\4.1.111.Final\netty-resolver-4.1.111.Final.jar;D:\develop\apache-maven-3.6.3\mvn_repo\io\netty\netty-buffer\4.1.111.Final\netty-buffer-4.1.111.Final.jar;D:\develop\apache-maven-3.6.3\mvn_repo\io\netty\netty-transport-native-unix-common\4.1.111.Final\netty-transport-native-unix-common-4.1.111.Final.jar;D:\develop\apache-maven-3.6.3\mvn_repo\io\netty\netty-codec\4.1.111.Final\netty-codec-4.1.111.Final.jar;D:\develop\apache-maven-3.6.3\mvn_repo\io\netty\netty-transport\4.1.111.Final\netty-transport-4.1.111.Final.jar;D:\develop\apache-maven-3.6.3\mvn_repo\io\projectreactor\reactor-core\3.6.7\reactor-core-3.6.7.jar;D:\develop\apache-maven-3.6.3\mvn_repo\org\reactivestreams\reactive-streams\1.0.4\reactive-streams-1.0.4.jar;D:\develop\apache-maven-3.6.3\mvn_repo\org\springframework\data\spring-data-redis\3.3.1\spring-data-redis-3.3.1.jar;D:\develop\apache-maven-3.6.3\mvn_repo\org\springframework\data\spring-data-keyvalue\3.3.1\spring-data-keyvalue-3.3.1.jar;D:\develop\apache-maven-3.6.3\mvn_repo\org\springframework\data\spring-data-commons\3.3.1\spring-data-commons-3.3.1.jar;D:\develop\apache-maven-3.6.3\mvn_repo\org\springframework\spring-tx\6.1.10\spring-tx-6.1.10.jar;D:\develop\apache-maven-3.6.3\mvn_repo\org\springframework\spring-oxm\6.1.10\spring-oxm-6.1.10.jar;D:\develop\apache-maven-3.6.3\mvn_repo\org\springframework\spring-context-support\6.1.10\spring-context-support-6.1.10.jar;D:\develop\apache-maven-3.6.3\mvn_repo\org\apache\commons\commons-pool2\2.12.0\commons-pool2-2.12.0.jar;"/>
    <property name="java.vm.vendor" value="Oracle Corporation"/>
    <property name="sun.arch.data.model" value="64"/>
    <property name="user.variant" value=""/>
    <property name="java.vendor.url" value="https://java.oracle.com/"/>
    <property name="user.timezone" value="Asia/Shanghai"/>
    <property name="org.jboss.logging.provider" value="slf4j"/>
    <property name="os.name" value="Windows 10"/>
    <property name="java.vm.specification.version" value="17"/>
    <property name="sun.java.launcher" value="SUN_STANDARD"/>
    <property name="user.country" value="CN"/>
    <property name="sun.boot.library.path" value="D:\develop\jdk-17.0.2\bin"/>
    <property name="sun.java.command" value="C:\Users\zzx\AppData\Local\Temp\surefire15225234608659204847\surefirebooter-20240813191017439_3.jar C:\Users\zzx\AppData\Local\Temp\surefire15225234608659204847 2024-08-13T19-10-17_318-jvmRun1 surefire-20240813191017439_1tmp surefire_0-20240813191017439_2tmp"/>
    <property name="jdk.debug" value="release"/>
    <property name="surefire.test.class.path" value="D:\code\big-event\target\test-classes;D:\code\big-event\target\classes;D:\develop\apache-maven-3.6.3\mvn_repo\org\springframework\boot\spring-boot-starter-web\3.3.1\spring-boot-starter-web-3.3.1.jar;D:\develop\apache-maven-3.6.3\mvn_repo\org\springframework\boot\spring-boot-starter\3.3.1\spring-boot-starter-3.3.1.jar;D:\develop\apache-maven-3.6.3\mvn_repo\org\springframework\boot\spring-boot\3.3.1\spring-boot-3.3.1.jar;D:\develop\apache-maven-3.6.3\mvn_repo\org\springframework\boot\spring-boot-autoconfigure\3.3.1\spring-boot-autoconfigure-3.3.1.jar;D:\develop\apache-maven-3.6.3\mvn_repo\org\springframework\boot\spring-boot-starter-logging\3.3.1\spring-boot-starter-logging-3.3.1.jar;D:\develop\apache-maven-3.6.3\mvn_repo\ch\qos\logback\logback-classic\1.5.6\logback-classic-1.5.6.jar;D:\develop\apache-maven-3.6.3\mvn_repo\ch\qos\logback\logback-core\1.5.6\logback-core-1.5.6.jar;D:\develop\apache-maven-3.6.3\mvn_repo\org\apache\logging\log4j\log4j-to-slf4j\2.23.1\log4j-to-slf4j-2.23.1.jar;D:\develop\apache-maven-3.6.3\mvn_repo\org\apache\logging\log4j\log4j-api\2.23.1\log4j-api-2.23.1.jar;D:\develop\apache-maven-3.6.3\mvn_repo\org\slf4j\jul-to-slf4j\2.0.13\jul-to-slf4j-2.0.13.jar;D:\develop\apache-maven-3.6.3\mvn_repo\jakarta\annotation\jakarta.annotation-api\2.1.1\jakarta.annotation-api-2.1.1.jar;D:\develop\apache-maven-3.6.3\mvn_repo\org\yaml\snakeyaml\2.2\snakeyaml-2.2.jar;D:\develop\apache-maven-3.6.3\mvn_repo\org\springframework\boot\spring-boot-starter-json\3.3.1\spring-boot-starter-json-3.3.1.jar;D:\develop\apache-maven-3.6.3\mvn_repo\com\fasterxml\jackson\datatype\jackson-datatype-jdk8\2.17.1\jackson-datatype-jdk8-2.17.1.jar;D:\develop\apache-maven-3.6.3\mvn_repo\com\fasterxml\jackson\datatype\jackson-datatype-jsr310\2.17.1\jackson-datatype-jsr310-2.17.1.jar;D:\develop\apache-maven-3.6.3\mvn_repo\com\fasterxml\jackson\module\jackson-module-parameter-names\2.17.1\jackson-module-parameter-names-2.17.1.jar;D:\develop\apache-maven-3.6.3\mvn_repo\org\springframework\boot\spring-boot-starter-tomcat\3.3.1\spring-boot-starter-tomcat-3.3.1.jar;D:\develop\apache-maven-3.6.3\mvn_repo\org\apache\tomcat\embed\tomcat-embed-core\10.1.25\tomcat-embed-core-10.1.25.jar;D:\develop\apache-maven-3.6.3\mvn_repo\org\apache\tomcat\embed\tomcat-embed-websocket\10.1.25\tomcat-embed-websocket-10.1.25.jar;D:\develop\apache-maven-3.6.3\mvn_repo\org\springframework\spring-web\6.1.10\spring-web-6.1.10.jar;D:\develop\apache-maven-3.6.3\mvn_repo\org\springframework\spring-beans\6.1.10\spring-beans-6.1.10.jar;D:\develop\apache-maven-3.6.3\mvn_repo\io\micrometer\micrometer-observation\1.13.1\micrometer-observation-1.13.1.jar;D:\develop\apache-maven-3.6.3\mvn_repo\io\micrometer\micrometer-commons\1.13.1\micrometer-commons-1.13.1.jar;D:\develop\apache-maven-3.6.3\mvn_repo\org\springframework\spring-webmvc\6.1.10\spring-webmvc-6.1.10.jar;D:\develop\apache-maven-3.6.3\mvn_repo\org\springframework\spring-aop\6.1.10\spring-aop-6.1.10.jar;D:\develop\apache-maven-3.6.3\mvn_repo\org\springframework\spring-context\6.1.10\spring-context-6.1.10.jar;D:\develop\apache-maven-3.6.3\mvn_repo\org\springframework\spring-expression\6.1.10\spring-expression-6.1.10.jar;D:\develop\apache-maven-3.6.3\mvn_repo\org\mybatis\spring\boot\mybatis-spring-boot-starter\3.0.3\mybatis-spring-boot-starter-3.0.3.jar;D:\develop\apache-maven-3.6.3\mvn_repo\org\springframework\boot\spring-boot-starter-jdbc\3.3.1\spring-boot-starter-jdbc-3.3.1.jar;D:\develop\apache-maven-3.6.3\mvn_repo\com\zaxxer\HikariCP\5.1.0\HikariCP-5.1.0.jar;D:\develop\apache-maven-3.6.3\mvn_repo\org\springframework\spring-jdbc\6.1.10\spring-jdbc-6.1.10.jar;D:\develop\apache-maven-3.6.3\mvn_repo\org\mybatis\spring\boot\mybatis-spring-boot-autoconfigure\3.0.3\mybatis-spring-boot-autoconfigure-3.0.3.jar;D:\develop\apache-maven-3.6.3\mvn_repo\org\mybatis\mybatis\3.5.14\mybatis-3.5.14.jar;D:\develop\apache-maven-3.6.3\mvn_repo\org\mybatis\mybatis-spring\3.0.3\mybatis-spring-3.0.3.jar;D:\develop\apache-maven-3.6.3\mvn_repo\com\mysql\mysql-connector-j\8.3.0\mysql-connector-j-8.3.0.jar;D:\develop\apache-maven-3.6.3\mvn_repo\org\projectlombok\lombok\1.18.32\lombok-1.18.32.jar;D:\develop\apache-maven-3.6.3\mvn_repo\org\springframework\boot\spring-boot-starter-validation\3.3.1\spring-boot-starter-validation-3.3.1.jar;D:\develop\apache-maven-3.6.3\mvn_repo\org\apache\tomcat\embed\tomcat-embed-el\10.1.25\tomcat-embed-el-10.1.25.jar;D:\develop\apache-maven-3.6.3\mvn_repo\org\hibernate\validator\hibernate-validator\8.0.1.Final\hibernate-validator-8.0.1.Final.jar;D:\develop\apache-maven-3.6.3\mvn_repo\jakarta\validation\jakarta.validation-api\3.0.2\jakarta.validation-api-3.0.2.jar;D:\develop\apache-maven-3.6.3\mvn_repo\org\jboss\logging\jboss-logging\3.5.3.Final\jboss-logging-3.5.3.Final.jar;D:\develop\apache-maven-3.6.3\mvn_repo\com\fasterxml\classmate\1.7.0\classmate-1.7.0.jar;D:\develop\apache-maven-3.6.3\mvn_repo\com\auth0\java-jwt\4.4.0\java-jwt-4.4.0.jar;D:\develop\apache-maven-3.6.3\mvn_repo\com\fasterxml\jackson\core\jackson-databind\2.17.1\jackson-databind-2.17.1.jar;D:\develop\apache-maven-3.6.3\mvn_repo\com\fasterxml\jackson\core\jackson-annotations\2.17.1\jackson-annotations-2.17.1.jar;D:\develop\apache-maven-3.6.3\mvn_repo\com\fasterxml\jackson\core\jackson-core\2.17.1\jackson-core-2.17.1.jar;D:\develop\apache-maven-3.6.3\mvn_repo\org\springframework\boot\spring-boot-starter-test\3.3.1\spring-boot-starter-test-3.3.1.jar;D:\develop\apache-maven-3.6.3\mvn_repo\org\springframework\boot\spring-boot-test\3.3.1\spring-boot-test-3.3.1.jar;D:\develop\apache-maven-3.6.3\mvn_repo\org\springframework\boot\spring-boot-test-autoconfigure\3.3.1\spring-boot-test-autoconfigure-3.3.1.jar;D:\develop\apache-maven-3.6.3\mvn_repo\com\jayway\jsonpath\json-path\2.9.0\json-path-2.9.0.jar;D:\develop\apache-maven-3.6.3\mvn_repo\org\slf4j\slf4j-api\2.0.13\slf4j-api-2.0.13.jar;D:\develop\apache-maven-3.6.3\mvn_repo\jakarta\xml\bind\jakarta.xml.bind-api\4.0.2\jakarta.xml.bind-api-4.0.2.jar;D:\develop\apache-maven-3.6.3\mvn_repo\jakarta\activation\jakarta.activation-api\2.1.3\jakarta.activation-api-2.1.3.jar;D:\develop\apache-maven-3.6.3\mvn_repo\net\minidev\json-smart\2.5.1\json-smart-2.5.1.jar;D:\develop\apache-maven-3.6.3\mvn_repo\net\minidev\accessors-smart\2.5.1\accessors-smart-2.5.1.jar;D:\develop\apache-maven-3.6.3\mvn_repo\org\ow2\asm\asm\9.6\asm-9.6.jar;D:\develop\apache-maven-3.6.3\mvn_repo\org\assertj\assertj-core\3.25.3\assertj-core-3.25.3.jar;D:\develop\apache-maven-3.6.3\mvn_repo\net\bytebuddy\byte-buddy\1.14.17\byte-buddy-1.14.17.jar;D:\develop\apache-maven-3.6.3\mvn_repo\org\awaitility\awaitility\4.2.1\awaitility-4.2.1.jar;D:\develop\apache-maven-3.6.3\mvn_repo\org\hamcrest\hamcrest\2.2\hamcrest-2.2.jar;D:\develop\apache-maven-3.6.3\mvn_repo\org\junit\jupiter\junit-jupiter\5.10.2\junit-jupiter-5.10.2.jar;D:\develop\apache-maven-3.6.3\mvn_repo\org\junit\jupiter\junit-jupiter-api\5.10.2\junit-jupiter-api-5.10.2.jar;D:\develop\apache-maven-3.6.3\mvn_repo\org\opentest4j\opentest4j\1.3.0\opentest4j-1.3.0.jar;D:\develop\apache-maven-3.6.3\mvn_repo\org\junit\platform\junit-platform-commons\1.10.2\junit-platform-commons-1.10.2.jar;D:\develop\apache-maven-3.6.3\mvn_repo\org\apiguardian\apiguardian-api\1.1.2\apiguardian-api-1.1.2.jar;D:\develop\apache-maven-3.6.3\mvn_repo\org\junit\jupiter\junit-jupiter-params\5.10.2\junit-jupiter-params-5.10.2.jar;D:\develop\apache-maven-3.6.3\mvn_repo\org\junit\jupiter\junit-jupiter-engine\5.10.2\junit-jupiter-engine-5.10.2.jar;D:\develop\apache-maven-3.6.3\mvn_repo\org\junit\platform\junit-platform-engine\1.10.2\junit-platform-engine-1.10.2.jar;D:\develop\apache-maven-3.6.3\mvn_repo\org\mockito\mockito-core\5.11.0\mockito-core-5.11.0.jar;D:\develop\apache-maven-3.6.3\mvn_repo\net\bytebuddy\byte-buddy-agent\1.14.17\byte-buddy-agent-1.14.17.jar;D:\develop\apache-maven-3.6.3\mvn_repo\org\objenesis\objenesis\3.3\objenesis-3.3.jar;D:\develop\apache-maven-3.6.3\mvn_repo\org\mockito\mockito-junit-jupiter\5.11.0\mockito-junit-jupiter-5.11.0.jar;D:\develop\apache-maven-3.6.3\mvn_repo\org\skyscreamer\jsonassert\1.5.1\jsonassert-1.5.1.jar;D:\develop\apache-maven-3.6.3\mvn_repo\com\vaadin\external\google\android-json\0.0.20131108.vaadin1\android-json-0.0.20131108.vaadin1.jar;D:\develop\apache-maven-3.6.3\mvn_repo\org\springframework\spring-core\6.1.10\spring-core-6.1.10.jar;D:\develop\apache-maven-3.6.3\mvn_repo\org\springframework\spring-jcl\6.1.10\spring-jcl-6.1.10.jar;D:\develop\apache-maven-3.6.3\mvn_repo\org\springframework\spring-test\6.1.10\spring-test-6.1.10.jar;D:\develop\apache-maven-3.6.3\mvn_repo\org\xmlunit\xmlunit-core\2.9.1\xmlunit-core-2.9.1.jar;D:\develop\apache-maven-3.6.3\mvn_repo\com\github\pagehelper\pagehelper-spring-boot-starter\1.4.7\pagehelper-spring-boot-starter-1.4.7.jar;D:\develop\apache-maven-3.6.3\mvn_repo\com\github\pagehelper\pagehelper-spring-boot-autoconfigure\1.4.7\pagehelper-spring-boot-autoconfigure-1.4.7.jar;D:\develop\apache-maven-3.6.3\mvn_repo\com\github\pagehelper\pagehelper\5.3.3\pagehelper-5.3.3.jar;D:\develop\apache-maven-3.6.3\mvn_repo\com\github\jsqlparser\jsqlparser\4.5\jsqlparser-4.5.jar;D:\develop\apache-maven-3.6.3\mvn_repo\com\aliyun\oss\aliyun-sdk-oss\3.17.4\aliyun-sdk-oss-3.17.4.jar;D:\develop\apache-maven-3.6.3\mvn_repo\org\apache\httpcomponents\httpclient\4.5.13\httpclient-4.5.13.jar;D:\develop\apache-maven-3.6.3\mvn_repo\org\apache\httpcomponents\httpcore\4.4.16\httpcore-4.4.16.jar;D:\develop\apache-maven-3.6.3\mvn_repo\commons-logging\commons-logging\1.2\commons-logging-1.2.jar;D:\develop\apache-maven-3.6.3\mvn_repo\commons-codec\commons-codec\1.16.1\commons-codec-1.16.1.jar;D:\develop\apache-maven-3.6.3\mvn_repo\org\jdom\jdom2\2.0.6.1\jdom2-2.0.6.1.jar;D:\develop\apache-maven-3.6.3\mvn_repo\org\codehaus\jettison\jettison\1.5.4\jettison-1.5.4.jar;D:\develop\apache-maven-3.6.3\mvn_repo\com\aliyun\aliyun-java-sdk-core\4.5.10\aliyun-java-sdk-core-4.5.10.jar;D:\develop\apache-maven-3.6.3\mvn_repo\com\google\code\gson\gson\2.10.1\gson-2.10.1.jar;D:\develop\apache-maven-3.6.3\mvn_repo\org\jacoco\org.jacoco.agent\0.8.5\org.jacoco.agent-0.8.5-runtime.jar;D:\develop\apache-maven-3.6.3\mvn_repo\org\ini4j\ini4j\0.5.4\ini4j-0.5.4.jar;D:\develop\apache-maven-3.6.3\mvn_repo\io\opentracing\opentracing-api\0.33.0\opentracing-api-0.33.0.jar;D:\develop\apache-maven-3.6.3\mvn_repo\io\opentracing\opentracing-util\0.33.0\opentracing-util-0.33.0.jar;D:\develop\apache-maven-3.6.3\mvn_repo\io\opentracing\opentracing-noop\0.33.0\opentracing-noop-0.33.0.jar;D:\develop\apache-maven-3.6.3\mvn_repo\com\aliyun\aliyun-java-sdk-ram\3.1.0\aliyun-java-sdk-ram-3.1.0.jar;D:\develop\apache-maven-3.6.3\mvn_repo\com\aliyun\aliyun-java-sdk-kms\2.11.0\aliyun-java-sdk-kms-2.11.0.jar;D:\develop\apache-maven-3.6.3\mvn_repo\javax\xml\bind\jaxb-api\2.3.1\jaxb-api-2.3.1.jar;D:\develop\apache-maven-3.6.3\mvn_repo\javax\activation\javax.activation-api\1.2.0\javax.activation-api-1.2.0.jar;D:\develop\apache-maven-3.6.3\mvn_repo\javax\activation\activation\1.1.1\activation-1.1.1.jar;D:\develop\apache-maven-3.6.3\mvn_repo\org\glassfish\jaxb\jaxb-runtime\2.3.3\jaxb-runtime-2.3.3.jar;D:\develop\apache-maven-3.6.3\mvn_repo\org\glassfish\jaxb\txw2\4.0.5\txw2-4.0.5.jar;D:\develop\apache-maven-3.6.3\mvn_repo\com\sun\istack\istack-commons-runtime\4.1.2\istack-commons-runtime-4.1.2.jar;D:\develop\apache-maven-3.6.3\mvn_repo\com\sun\activation\jakarta.activation\1.2.2\jakarta.activation-1.2.2.jar;D:\develop\apache-maven-3.6.3\mvn_repo\org\springframework\boot\spring-boot-starter-data-redis\3.3.1\spring-boot-starter-data-redis-3.3.1.jar;D:\develop\apache-maven-3.6.3\mvn_repo\io\lettuce\lettuce-core\6.3.2.RELEASE\lettuce-core-6.3.2.RELEASE.jar;D:\develop\apache-maven-3.6.3\mvn_repo\io\netty\netty-common\4.1.111.Final\netty-common-4.1.111.Final.jar;D:\develop\apache-maven-3.6.3\mvn_repo\io\netty\netty-handler\4.1.111.Final\netty-handler-4.1.111.Final.jar;D:\develop\apache-maven-3.6.3\mvn_repo\io\netty\netty-resolver\4.1.111.Final\netty-resolver-4.1.111.Final.jar;D:\develop\apache-maven-3.6.3\mvn_repo\io\netty\netty-buffer\4.1.111.Final\netty-buffer-4.1.111.Final.jar;D:\develop\apache-maven-3.6.3\mvn_repo\io\netty\netty-transport-native-unix-common\4.1.111.Final\netty-transport-native-unix-common-4.1.111.Final.jar;D:\develop\apache-maven-3.6.3\mvn_repo\io\netty\netty-codec\4.1.111.Final\netty-codec-4.1.111.Final.jar;D:\develop\apache-maven-3.6.3\mvn_repo\io\netty\netty-transport\4.1.111.Final\netty-transport-4.1.111.Final.jar;D:\develop\apache-maven-3.6.3\mvn_repo\io\projectreactor\reactor-core\3.6.7\reactor-core-3.6.7.jar;D:\develop\apache-maven-3.6.3\mvn_repo\org\reactivestreams\reactive-streams\1.0.4\reactive-streams-1.0.4.jar;D:\develop\apache-maven-3.6.3\mvn_repo\org\springframework\data\spring-data-redis\3.3.1\spring-data-redis-3.3.1.jar;D:\develop\apache-maven-3.6.3\mvn_repo\org\springframework\data\spring-data-keyvalue\3.3.1\spring-data-keyvalue-3.3.1.jar;D:\develop\apache-maven-3.6.3\mvn_repo\org\springframework\data\spring-data-commons\3.3.1\spring-data-commons-3.3.1.jar;D:\develop\apache-maven-3.6.3\mvn_repo\org\springframework\spring-tx\6.1.10\spring-tx-6.1.10.jar;D:\develop\apache-maven-3.6.3\mvn_repo\org\springframework\spring-oxm\6.1.10\spring-oxm-6.1.10.jar;D:\develop\apache-maven-3.6.3\mvn_repo\org\springframework\spring-context-support\6.1.10\spring-context-support-6.1.10.jar;D:\develop\apache-maven-3.6.3\mvn_repo\org\apache\commons\commons-pool2\2.12.0\commons-pool2-2.12.0.jar;"/>
    <property name="sun.cpu.endian" value="little"/>
    <property name="user.home" value="C:\Users\zzx"/>
    <property name="user.language" value="zh"/>
    <property name="java.specification.vendor" value="Oracle Corporation"/>
    <property name="java.version.date" value="2022-01-18"/>
    <property name="java.home" value="D:\develop\jdk-17.0.2"/>
    <property name="file.separator" value="\"/>
    <property name="basedir" value="D:\code\big-event"/>
    <property name="java.vm.compressedOopsMode" value="Zero based"/>
    <property name="line.separator" value="&#10;"/>
    <property name="java.vm.specification.vendor" value="Oracle Corporation"/>
    <property name="java.specification.name" value="Java Platform API Specification"/>
    <property name="FILE_LOG_CHARSET" value="GBK"/>
    <property name="java.awt.headless" value="true"/>
    <property name="surefire.real.class.path" value="C:\Users\zzx\AppData\Local\Temp\surefire15225234608659204847\surefirebooter-20240813191017439_3.jar"/>
    <property name="user.script" value=""/>
    <property name="sun.management.compiler" value="HotSpot 64-Bit Tiered Compilers"/>
    <property name="java.runtime.version" value="17.0.2+8-LTS-86"/>
    <property name="user.name" value="zzx"/>
    <property name="path.separator" value=";"/>
    <property name="os.version" value="10.0"/>
    <property name="java.runtime.name" value="Java(TM) SE Runtime Environment"/>
    <property name="file.encoding" value="GBK"/>
    <property name="java.vm.name" value="Java HotSpot(TM) 64-Bit Server VM"/>
    <property name="localRepository" value="D:\develop\apache-maven-3.6.3\mvn_repo"/>
    <property name="java.vendor.url.bug" value="https://bugreport.java.com/bugreport/"/>
    <property name="java.io.tmpdir" value="C:\Users\zzx\AppData\Local\Temp\"/>
    <property name="idea.version" value="2022.2.3"/>
    <property name="java.version" value="17.0.2"/>
    <property name="user.dir" value="D:\code\big-event"/>
    <property name="os.arch" value="amd64"/>
    <property name="java.vm.specification.name" value="Java Virtual Machine Specification"/>
    <property name="PID" value="2268"/>
    <property name="sun.os.patch.level" value=""/>
    <property name="CONSOLE_LOG_CHARSET" value="GBK"/>
    <property name="native.encoding" value="GBK"/>
    <property name="java.library.path" value="D:\develop\jdk-17.0.2\bin;C:\Windows\Sun\Java\bin;C:\Windows\system32;C:\Windows;D:\develop\VMware16\bin\;D:\develop\jdk-17.0.2\bin;C:\Program Files\Common Files\Oracle\Java\javapath;D:\Download\Tencent\QQ\Bin;C:\Program Files\Microsoft SQL Server\Client SDK\ODBC\170\Tools\Binn\;C:\Program Files (x86)\Microsoft SQL Server\150\Tools\Binn\;C:\Program Files\Microsoft SQL Server\150\Tools\Binn\;C:\Program Files\Microsoft SQL Server\150\DTS\Binn\;C:\Program Files\Azure Data Studio\bin;C:\Program Files (x86)\Microsoft SQL Server\150\DTS\Binn\;D:\develop\mysql-8.0.31-winx64\bin;D:\develop\redis;%CATALINA_HOME%\bin;D:\develop\apache-maven-3.6.1\bin;D:\develop\NodeJS\;D:\python\location\pythonProject\venv\Lib\site-packages;D:\python\location\pythonProject\venv\Scripts;C:\Windows\system32;C:\Windows;C:\Windows\system32\wbem;D:\phpstudy_pro\Extensions\MySQL5.7.26\bin;D:\Briup\Xshell-7.0.0144p\;D:\Briup\Xftp-7.0.0144p\;D:\Briup\Git\cmd;D:\develop\TortoiseSVN\bin;C:\Users\zzx\AppData\Local\Programs\Python\Python310\Scripts\;C:\Users\zzx\AppData\Local\Programs\Python\Python310\;C:\Program Files\Azure Data Studio\bin;D:\php\phpstrom\PhpStorm 2020.1\bin;;D:\python\destination folder\PyCharm Community Edition 2022.2.2\bin;;D:\ideaIU-2019\install_location\IntelliJ IDEA 2019.3.3\bin;;D:\develop\Microsoft VS Code\bin;C:\Users\zzx\AppData\Roaming\npm;."/>
    <property name="java.vm.info" value="mixed mode, sharing"/>
    <property name="java.vendor" value="Oracle Corporation"/>
    <property name="java.vm.version" value="17.0.2+8-LTS-86"/>
    <property name="sun.io.unicode.encoding" value="UnicodeLittle"/>
    <property name="maven.repo.local" value="D:\develop\apache-maven-3.6.3\mvn_repo"/>
    <property name="java.class.version" value="61.0"/>
  </properties>
  <testcase name="testGet" classname="com.zzx.RedisTest" time="1.16">
    <system-out><![CDATA[19:10:18.146 [main] INFO org.springframework.test.context.support.AnnotationConfigContextLoaderUtils -- Could not detect default configuration classes for test class [com.zzx.RedisTest]: RedisTest does not declare any static, non-private, non-final, nested classes annotated with @Configuration.
19:10:18.259 [main] INFO org.springframework.boot.test.context.SpringBootTestContextBootstrapper -- Found @SpringBootConfiguration com.zzx.BigEventApplication for test class com.zzx.RedisTest

  .   ____          _            __ _ _
 /\\ / ___'_ __ _ _(_)_ __  __ _ \ \ \ \
( ( )\___ | '_ | '_| | '_ \/ _` | \ \ \ \
 \\/  ___)| |_)| | | | | || (_| |  ) ) ) )
  '  |____| .__|_| |_|_| |_\__, | / / / /
 =========|_|==============|___/=/_/_/_/

 :: Spring Boot ::                (v3.3.1)

2024-08-13T19:10:18.654+08:00  INFO 2268 --- [           main] com.zzx.RedisTest                        : Starting RedisTest using Java 17.0.2 with PID 2268 (started by zzx in D:\code\big-event)
2024-08-13T19:10:18.655+08:00  INFO 2268 --- [           main] com.zzx.RedisTest                        : No active profile set, falling back to 1 default profile: "default"
2024-08-13T19:10:19.399+08:00  INFO 2268 --- [           main] .s.d.r.c.RepositoryConfigurationDelegate : Multiple Spring Data modules found, entering strict repository configuration mode
2024-08-13T19:10:19.402+08:00  INFO 2268 --- [           main] .s.d.r.c.RepositoryConfigurationDelegate : Bootstrapping Spring Data Redis repositories in DEFAULT mode.
2024-08-13T19:10:19.428+08:00  INFO 2268 --- [           main] .s.d.r.c.RepositoryConfigurationDelegate : Finished Spring Data repository scanning in 10 ms. Found 0 Redis repository interfaces.
2024-08-13T19:10:21.001+08:00  INFO 2268 --- [           main] com.zzx.RedisTest                        : Started RedisTest in 2.606 seconds (process running for 3.47)
jack
]]></system-out>
  </testcase>
  <testcase name="testSet" classname="com.zzx.RedisTest" time="0.009"/>
</testsuite>